
=== Mon Jan 21 14:52:14 2019

Packages were changed.
Update Mode: mergeDefaultDependencies

The following packages were updated:
  com.unity.collab-proxy from version 1.2.9 to 1.2.15
  com.unity.package-manager-ui from version 0.0.0-builtin to 2.1.1
  com.unity.timeline from version 0.0.0-builtin to 1.0.0

=== Wed Mar  6 17:13:37 2019

Packages were changed.
Update Mode: updateDependencies

The following packages were updated:
  com.unity.collab-proxy from version 1.2.15 to 1.2.16
  com.unity.package-manager-ui from version 2.1.1 to 2.1.2
  com.unity.purchasing from version 2.0.1 to 2.0.5

=== Sat Apr 20 11:30:31 2019

Packages were changed.
Update Mode: updateDependencies

The following packages were updated:
  com.unity.package-manager-ui from version 2.1.2 to 2.2.0
  com.unity.purchasing from version 2.0.5 to 2.0.6
  com.unity.xr.legacyinputhelpers from version 1.0.0 to 2.0.2
